<!DOCTYPE html PUBLIC "-//W3C//DTD XHTML 1.1//EN" "https://www.w3.org/TR/xhtml11/DTD/xhtml11.dtd">
<html xmlns="https://www.w3.org/1999/xhtml">
<head>
<meta http-equiv="content-type" content="text/html; charset=UTF-8"/>
<title>TestNG Report</title>
<style type="text/css">table {margin-bottom:10px;border-collapse:collapse;empty-cells:show}th,td {border:1px solid #009;padding:.25em .5em}th {vertical-align:bottom}td {vertical-align:top}table a {font-weight:bold}.stripe td {background-color: #E6EBF9}.num {text-align:right}.passedodd td {background-color: #3F3}.passedeven td {background-color: #0A0}.skippedodd td {background-color: #DDD}.skippedeven td {background-color: #CCC}.failedodd td,.attn {background-color: #F33}.failedeven td,.stripe .attn {background-color: #D00}.stacktrace {white-space:pre;font-family:monospace}.totop {font-size:85%;text-align:center;border-bottom:2px solid #000}.invisible {display:none}</style>
</head>
<body>
<table>
<tr><th>Test</th><th># Passed</th><th># Skipped</th><th># Retried</th><th># Failed</th><th>Time (ms)</th><th>Included Groups</th><th>Excluded Groups</th></tr>
<tr><th colspan="8">ParallelSuite</th></tr>
<tr><td><a href="#t0">CucumberTest1</a></td><td class="num">0</td><td class="num">0</td><td class="num">0</td><td class="num attn">5</td><td class="num">45,586</td><td></td><td></td></tr>
</table>
<table id='summary'><thead><tr><th>Class</th><th>Method</th><th>Start</th><th>Time (ms)</th></tr></thead><tbody><tr><th colspan="4">ParallelSuite</th></tr></tbody><tbody id="t0"><tr><th colspan="4">CucumberTest1 &#8212; failed</th></tr><tr class="failedeven"><td rowspan="5">Runner.Runnerclass</td><td><a href="#m0">runScenario</a></td><td rowspan="5">1743508423935</td><td rowspan="5">38472</td></tr><tr class="failedeven"><td><a href="#m1">runScenario</a></td></tr><tr class="failedeven"><td><a href="#m2">runScenario</a></td></tr><tr class="failedeven"><td><a href="#m3">runScenario</a></td></tr><tr class="failedeven"><td><a href="#m4">runScenario</a></td></tr></tbody>
</table>
<h2>CucumberTest1</h2><h3 id="m0">Runner.Runnerclass#runScenario</h3><table class="result"><tr class="param"><th>Parameter #1</th><th>Parameter #2</th></tr><tr class="param stripe"><td>&quot;As a user i want to log in to my sausedemo&quot;</td><td>&quot;Sause Demo Login&quot;</td></tr><tr><th colspan="2">Exception</th></tr><tr><td colspan="2"><div class="stacktrace">java.lang.NullPointerException: Cannot invoke &quot;org.openqa.selenium.WebDriver.findElement(org.openqa.selenium.By)&quot; because &quot;this.driver&quot; is null
	at stepdefinition.SauseDemoLogin.the_user_provides_the_username(SauseDemoLogin.java:31)
	at ✽.The user provides the Username(file:///Users/sevvelkaranpalanivetrivel/Desktop/Seleniumjava/Cucumber/src/test/resources/com/features/sausedemo.feature:26)
</div></td></tr></table><p class="totop"><a href="#summary">back to summary</a></p>
<h3 id="m1">Runner.Runnerclass#runScenario</h3><table class="result"><tr class="param"><th>Parameter #1</th><th>Parameter #2</th></tr><tr class="param stripe"><td>&quot;As a user i want to log in to my sausedemo with Blank credentials&quot;</td><td>&quot;Sause Demo Login&quot;</td></tr><tr><th colspan="2">Exception</th></tr><tr><td colspan="2"><div class="stacktrace">java.lang.NullPointerException: Cannot invoke &quot;org.openqa.selenium.WebDriver.findElement(org.openqa.selenium.By)&quot; because &quot;this.driver&quot; is null
	at stepdefinition.SauseDemoLogin.the_user_provides_the_username(SauseDemoLogin.java:31)
	at ✽.The user provides the Username(file:///Users/sevvelkaranpalanivetrivel/Desktop/Seleniumjava/Cucumber/src/test/resources/com/features/sausedemo.feature:60)
</div></td></tr></table><p class="totop"><a href="#summary">back to summary</a></p>
<h3 id="m2">Runner.Runnerclass#runScenario</h3><table class="result"><tr class="param"><th>Parameter #1</th><th>Parameter #2</th></tr><tr class="param stripe"><td>&quot;As a user i want to log in to my sausedemo with invalid credentials&quot;</td><td>&quot;Sause Demo Login&quot;</td></tr><tr><th colspan="2">Exception</th></tr><tr><td colspan="2"><div class="stacktrace">java.lang.NullPointerException: Cannot invoke &quot;org.openqa.selenium.WebDriver.findElement(org.openqa.selenium.By)&quot; because &quot;this.driver&quot; is null
	at stepdefinition.SauseDemoLogin.the_user_provides_the_username(SauseDemoLogin.java:31)
	at ✽.The user provides the Username(file:///Users/sevvelkaranpalanivetrivel/Desktop/Seleniumjava/Cucumber/src/test/resources/com/features/sausedemo.feature:43)
</div></td></tr></table><p class="totop"><a href="#summary">back to summary</a></p>
<h3 id="m3">Runner.Runnerclass#runScenario</h3><table class="result"><tr class="param"><th>Parameter #1</th><th>Parameter #2</th></tr><tr class="param stripe"><td>&quot;As a user i want to log in to my sausedemo with invalid credentials&quot;</td><td>&quot;Sause Demo Login&quot;</td></tr><tr><th colspan="2">Exception</th></tr><tr><td colspan="2"><div class="stacktrace">java.lang.NullPointerException: Cannot invoke &quot;org.openqa.selenium.WebDriver.findElement(org.openqa.selenium.By)&quot; because &quot;this.driver&quot; is null
	at stepdefinition.SauseDemoLogin.the_user_provides_invalid_the_username(SauseDemoLogin.java:58)
	at ✽.The user provides invalid the Username(file:///Users/sevvelkaranpalanivetrivel/Desktop/Seleniumjava/Cucumber/src/test/resources/com/features/sausedemo.feature:34)
</div></td></tr></table><p class="totop"><a href="#summary">back to summary</a></p>
<h3 id="m4">Runner.Runnerclass#runScenario</h3><table class="result"><tr class="param"><th>Parameter #1</th><th>Parameter #2</th></tr><tr class="param stripe"><td>&quot;As a user i want to log in to my sausedemo with Blank credentials&quot;</td><td>&quot;Sause Demo Login&quot;</td></tr><tr><th colspan="2">Exception</th></tr><tr><td colspan="2"><div class="stacktrace">java.lang.NullPointerException: Cannot invoke &quot;org.openqa.selenium.WebDriver.findElement(org.openqa.selenium.By)&quot; because &quot;this.driver&quot; is null
	at stepdefinition.SauseDemoLogin.the_user_provides_no_username(SauseDemoLogin.java:78)
	at ✽.The user provides no username(file:///Users/sevvelkaranpalanivetrivel/Desktop/Seleniumjava/Cucumber/src/test/resources/com/features/sausedemo.feature:51)
</div></td></tr></table><p class="totop"><a href="#summary">back to summary</a></p>
</body>
</html>
