<?xml version="1.0" encoding="UTF-8"?>
<testng-results ignored="0" total="5" passed="0" failed="5" skipped="0">
  <reporter-output>
  </reporter-output>
  <suite started-at="2025-04-01T17:23:42 IST" name="ParallelSuite" finished-at="2025-04-01T17:24:28 IST" duration-ms="45586">
    <groups>
      <group name="cucumber">
        <method signature="AbstractTestNGCucumberTests.runScenario(io.cucumber.testng.PickleWrapper,io.cucumber.testng.FeatureWrapper)[pri:0, instance:Runner.Runnerclass@1757cd72]" name="runScenario" class="io.cucumber.testng.AbstractTestNGCucumberTests"/>
      </group> <!-- cucumber -->
    </groups>
    <test started-at="2025-04-01T17:23:42 IST" name="CucumberTest1" finished-at="2025-04-01T17:24:28 IST" duration-ms="45586">
      <class name="Runner.Runnerclass">
        <test-method is-config="true" signature="setUpClass(org.testng.ITestContext)[pri:0, instance:Runner.Runnerclass@1757cd72]" started-at="2025-04-01T17:23:42 IST" name="setUpClass" finished-at="2025-04-01T17:23:43 IST" duration-ms="976" status="PASS">
          <params>
            <param index="0">
              <value>
                <![CDATA[org.testng.TestRunner@1e683a3e]]>
              </value>
            </param>
          </params>
          <reporter-output>
          </reporter-output>
        </test-method> <!-- setUpClass -->
        <test-method signature="runScenario(io.cucumber.testng.PickleWrapper,io.cucumber.testng.FeatureWrapper)[pri:0, instance:Runner.Runnerclass@1757cd72]" started-at="2025-04-01T17:23:43 IST" name="runScenario" description="Runs Cucumber Scenarios" data-provider="scenarios" finished-at="2025-04-01T17:24:22 IST" duration-ms="38472" status="FAIL">
          <params>
            <param index="0">
              <value>
                <![CDATA["As a user i want to log in to my sausedemo"]]>
              </value>
            </param>
            <param index="1">
              <value>
                <![CDATA["Sause Demo Login"]]>
              </value>
            </param>
          </params>
          <exception class="java.lang.NullPointerException">
            <message>
              <![CDATA[Cannot invoke "org.openqa.selenium.WebDriver.findElement(org.openqa.selenium.By)" because "this.driver" is null]]>
            </message>
            <full-stacktrace>
              <![CDATA[java.lang.NullPointerException: Cannot invoke "org.openqa.selenium.WebDriver.findElement(org.openqa.selenium.By)" because "this.driver" is null
at stepdefinition.SauseDemoLogin.the_user_provides_the_username(SauseDemoLogin.java:31)
at ✽.The user provides the Username(file:///Users/sevvelkaranpalanivetrivel/Desktop/Seleniumjava/Cucumber/src/test/resources/com/features/sausedemo.feature:26)
]]>
            </full-stacktrace>
          </exception> <!-- java.lang.NullPointerException -->
          <reporter-output>
          </reporter-output>
        </test-method> <!-- runScenario -->
        <test-method signature="runScenario(io.cucumber.testng.PickleWrapper,io.cucumber.testng.FeatureWrapper)[pri:0, instance:Runner.Runnerclass@1757cd72]" started-at="2025-04-01T17:23:43 IST" name="runScenario" description="Runs Cucumber Scenarios" data-provider="scenarios" finished-at="2025-04-01T17:24:18 IST" duration-ms="34787" status="FAIL">
          <params>
            <param index="0">
              <value>
                <![CDATA["As a user i want to log in to my sausedemo with invalid credentials"]]>
              </value>
            </param>
            <param index="1">
              <value>
                <![CDATA["Sause Demo Login"]]>
              </value>
            </param>
          </params>
          <exception class="java.lang.NullPointerException">
            <message>
              <![CDATA[Cannot invoke "org.openqa.selenium.WebDriver.findElement(org.openqa.selenium.By)" because "this.driver" is null]]>
            </message>
            <full-stacktrace>
              <![CDATA[java.lang.NullPointerException: Cannot invoke "org.openqa.selenium.WebDriver.findElement(org.openqa.selenium.By)" because "this.driver" is null
at stepdefinition.SauseDemoLogin.the_user_provides_the_username(SauseDemoLogin.java:31)
at ✽.The user provides the Username(file:///Users/sevvelkaranpalanivetrivel/Desktop/Seleniumjava/Cucumber/src/test/resources/com/features/sausedemo.feature:43)
]]>
            </full-stacktrace>
          </exception> <!-- java.lang.NullPointerException -->
          <reporter-output>
          </reporter-output>
        </test-method> <!-- runScenario -->
        <test-method signature="runScenario(io.cucumber.testng.PickleWrapper,io.cucumber.testng.FeatureWrapper)[pri:0, instance:Runner.Runnerclass@1757cd72]" started-at="2025-04-01T17:23:43 IST" name="runScenario" description="Runs Cucumber Scenarios" data-provider="scenarios" finished-at="2025-04-01T17:24:25 IST" duration-ms="41359" status="FAIL">
          <params>
            <param index="0">
              <value>
                <![CDATA["As a user i want to log in to my sausedemo with invalid credentials"]]>
              </value>
            </param>
            <param index="1">
              <value>
                <![CDATA["Sause Demo Login"]]>
              </value>
            </param>
          </params>
          <exception class="java.lang.NullPointerException">
            <message>
              <![CDATA[Cannot invoke "org.openqa.selenium.WebDriver.findElement(org.openqa.selenium.By)" because "this.driver" is null]]>
            </message>
            <full-stacktrace>
              <![CDATA[java.lang.NullPointerException: Cannot invoke "org.openqa.selenium.WebDriver.findElement(org.openqa.selenium.By)" because "this.driver" is null
at stepdefinition.SauseDemoLogin.the_user_provides_invalid_the_username(SauseDemoLogin.java:58)
at ✽.The user provides invalid the Username(file:///Users/sevvelkaranpalanivetrivel/Desktop/Seleniumjava/Cucumber/src/test/resources/com/features/sausedemo.feature:34)
]]>
            </full-stacktrace>
          </exception> <!-- java.lang.NullPointerException -->
          <reporter-output>
          </reporter-output>
        </test-method> <!-- runScenario -->
        <test-method signature="runScenario(io.cucumber.testng.PickleWrapper,io.cucumber.testng.FeatureWrapper)[pri:0, instance:Runner.Runnerclass@1757cd72]" started-at="2025-04-01T17:23:43 IST" name="runScenario" description="Runs Cucumber Scenarios" data-provider="scenarios" finished-at="2025-04-01T17:24:26 IST" duration-ms="42813" status="FAIL">
          <params>
            <param index="0">
              <value>
                <![CDATA["As a user i want to log in to my sausedemo with Blank credentials"]]>
              </value>
            </param>
            <param index="1">
              <value>
                <![CDATA["Sause Demo Login"]]>
              </value>
            </param>
          </params>
          <exception class="java.lang.NullPointerException">
            <message>
              <![CDATA[Cannot invoke "org.openqa.selenium.WebDriver.findElement(org.openqa.selenium.By)" because "this.driver" is null]]>
            </message>
            <full-stacktrace>
              <![CDATA[java.lang.NullPointerException: Cannot invoke "org.openqa.selenium.WebDriver.findElement(org.openqa.selenium.By)" because "this.driver" is null
at stepdefinition.SauseDemoLogin.the_user_provides_no_username(SauseDemoLogin.java:78)
at ✽.The user provides no username(file:///Users/sevvelkaranpalanivetrivel/Desktop/Seleniumjava/Cucumber/src/test/resources/com/features/sausedemo.feature:51)
]]>
            </full-stacktrace>
          </exception> <!-- java.lang.NullPointerException -->
          <reporter-output>
          </reporter-output>
        </test-method> <!-- runScenario -->
        <test-method signature="runScenario(io.cucumber.testng.PickleWrapper,io.cucumber.testng.FeatureWrapper)[pri:0, instance:Runner.Runnerclass@1757cd72]" started-at="2025-04-01T17:23:43 IST" name="runScenario" description="Runs Cucumber Scenarios" data-provider="scenarios" finished-at="2025-04-01T17:24:28 IST" duration-ms="44471" status="FAIL">
          <params>
            <param index="0">
              <value>
                <![CDATA["As a user i want to log in to my sausedemo with Blank credentials"]]>
              </value>
            </param>
            <param index="1">
              <value>
                <![CDATA["Sause Demo Login"]]>
              </value>
            </param>
          </params>
          <exception class="java.lang.NullPointerException">
            <message>
              <![CDATA[Cannot invoke "org.openqa.selenium.WebDriver.findElement(org.openqa.selenium.By)" because "this.driver" is null]]>
            </message>
            <full-stacktrace>
              <![CDATA[java.lang.NullPointerException: Cannot invoke "org.openqa.selenium.WebDriver.findElement(org.openqa.selenium.By)" because "this.driver" is null
at stepdefinition.SauseDemoLogin.the_user_provides_the_username(SauseDemoLogin.java:31)
at ✽.The user provides the Username(file:///Users/sevvelkaranpalanivetrivel/Desktop/Seleniumjava/Cucumber/src/test/resources/com/features/sausedemo.feature:60)
]]>
            </full-stacktrace>
          </exception> <!-- java.lang.NullPointerException -->
          <reporter-output>
          </reporter-output>
        </test-method> <!-- runScenario -->
        <test-method is-config="true" signature="tearDownClass()[pri:0, instance:Runner.Runnerclass@1757cd72]" started-at="2025-04-01T17:24:28 IST" name="tearDownClass" finished-at="2025-04-01T17:24:28 IST" duration-ms="67" status="PASS">
          <reporter-output>
          </reporter-output>
        </test-method> <!-- tearDownClass -->
      </class> <!-- Runner.Runnerclass -->
    </test> <!-- CucumberTest1 -->
  </suite> <!-- ParallelSuite -->
</testng-results>
