<?xml version="1.0" encoding="UTF-8"?>
<!-- Generated by org.testng.reporters.JUnitXMLReporter -->
<testsuite ignored="0" hostname="Sevvelkarans-MacBook-Air.local" failures="5" tests="5" name="CucumberTest1" time="45.586" errors="0" timestamp="2025-04-01T17:24:28 IST">
  <testcase classname="io.cucumber.testng.AbstractTestNGCucumberTests" name="runScenario" time="34.787">
    <failure type="java.lang.NullPointerException" message="Cannot invoke &amp;quot;org.openqa.selenium.WebDriver.findElement(org.openqa.selenium.By)&amp;quot; because &amp;quot;this.driver&amp;quot; is null">
      <![CDATA[java.lang.NullPointerException: Cannot invoke "org.openqa.selenium.WebDriver.findElement(org.openqa.selenium.By)" because "this.driver" is null
at stepdefinition.SauseDemoLogin.the_user_provides_the_username(SauseDemoLogin.java:31)
at ✽.The user provides the Username(file:///Users/sevvelkaranpalanivetrivel/Desktop/Seleniumjava/Cucumber/src/test/resources/com/features/sausedemo.feature:43)
]]>
    </failure>
  </testcase> <!-- runScenario -->
  <testcase classname="io.cucumber.testng.AbstractTestNGCucumberTests" name="runScenario" time="38.472">
    <failure type="java.lang.NullPointerException" message="Cannot invoke &amp;quot;org.openqa.selenium.WebDriver.findElement(org.openqa.selenium.By)&amp;quot; because &amp;quot;this.driver&amp;quot; is null">
      <![CDATA[java.lang.NullPointerException: Cannot invoke "org.openqa.selenium.WebDriver.findElement(org.openqa.selenium.By)" because "this.driver" is null
at stepdefinition.SauseDemoLogin.the_user_provides_the_username(SauseDemoLogin.java:31)
at ✽.The user provides the Username(file:///Users/sevvelkaranpalanivetrivel/Desktop/Seleniumjava/Cucumber/src/test/resources/com/features/sausedemo.feature:26)
]]>
    </failure>
  </testcase> <!-- runScenario -->
  <testcase classname="io.cucumber.testng.AbstractTestNGCucumberTests" name="runScenario" time="41.359">
    <failure type="java.lang.NullPointerException" message="Cannot invoke &amp;quot;org.openqa.selenium.WebDriver.findElement(org.openqa.selenium.By)&amp;quot; because &amp;quot;this.driver&amp;quot; is null">
      <![CDATA[java.lang.NullPointerException: Cannot invoke "org.openqa.selenium.WebDriver.findElement(org.openqa.selenium.By)" because "this.driver" is null
at stepdefinition.SauseDemoLogin.the_user_provides_invalid_the_username(SauseDemoLogin.java:58)
at ✽.The user provides invalid the Username(file:///Users/sevvelkaranpalanivetrivel/Desktop/Seleniumjava/Cucumber/src/test/resources/com/features/sausedemo.feature:34)
]]>
    </failure>
  </testcase> <!-- runScenario -->
  <testcase classname="io.cucumber.testng.AbstractTestNGCucumberTests" name="runScenario" time="42.813">
    <failure type="java.lang.NullPointerException" message="Cannot invoke &amp;quot;org.openqa.selenium.WebDriver.findElement(org.openqa.selenium.By)&amp;quot; because &amp;quot;this.driver&amp;quot; is null">
      <![CDATA[java.lang.NullPointerException: Cannot invoke "org.openqa.selenium.WebDriver.findElement(org.openqa.selenium.By)" because "this.driver" is null
at stepdefinition.SauseDemoLogin.the_user_provides_no_username(SauseDemoLogin.java:78)
at ✽.The user provides no username(file:///Users/sevvelkaranpalanivetrivel/Desktop/Seleniumjava/Cucumber/src/test/resources/com/features/sausedemo.feature:51)
]]>
    </failure>
  </testcase> <!-- runScenario -->
  <testcase classname="io.cucumber.testng.AbstractTestNGCucumberTests" name="runScenario" time="44.471">
    <failure type="java.lang.NullPointerException" message="Cannot invoke &amp;quot;org.openqa.selenium.WebDriver.findElement(org.openqa.selenium.By)&amp;quot; because &amp;quot;this.driver&amp;quot; is null">
      <![CDATA[java.lang.NullPointerException: Cannot invoke "org.openqa.selenium.WebDriver.findElement(org.openqa.selenium.By)" because "this.driver" is null
at stepdefinition.SauseDemoLogin.the_user_provides_the_username(SauseDemoLogin.java:31)
at ✽.The user provides the Username(file:///Users/sevvelkaranpalanivetrivel/Desktop/Seleniumjava/Cucumber/src/test/resources/com/features/sausedemo.feature:60)
]]>
    </failure>
  </testcase> <!-- runScenario -->
</testsuite> <!-- CucumberTest1 -->
